
> Configure project :app
Checking the license for package NDK (Side by side) 27.0.12077973 in /opt/android-sdk/licenses
License for package NDK (Side by side) 27.0.12077973 accepted.
Preparing "Install NDK (Side by side) 27.0.12077973 v.27.0.12077973".
"Install NDK (Side by side) 27.0.12077973 v.27.0.12077973" ready.
Installing NDK (Side by side) 27.0.12077973 in /opt/android-sdk/ndk/27.0.12077973
"Install NDK (Side by side) 27.0.12077973 v.27.0.12077973" complete.
"Install NDK (Side by side) 27.0.12077973 v.27.0.12077973" finished.

> Task :app:preBuild UP-TO-DATE
> Task :app:preDebugBuild UP-TO-DATE
> Task :app:mergeDebugNativeDebugMetadata NO-SOURCE
> Task :app:javaPreCompileDebug
> Task :app:generateDebugResValues
> Task :app:checkDebugAarMetadata
> Task :app:mapDebugSourceSetPaths
> Task :app:generateDebugResources

> Task :app:mergeDebugResources
/app/app/src/main/res/values-hi/strings.xml:162:1: Multiple substitutions specified in non-positional format of string resource string/resolution_not_support. Did you mean to add the formatted="false" attribute?
/app/app/src/main/res/values-id/strings.xml:163:1: Multiple substitutions specified in non-positional format of string resource string/resolution_not_support. Did you mean to add the formatted="false" attribute?
/app/app/src/main/res/values/strings.xml:73:1: Multiple substitutions specified in non-positional format of string resource string/resolution_not_support. Did you mean to add the formatted="false" attribute?
/app/app/src/main/res/values-pt-rPT/strings.xml:162:4: Multiple substitutions specified in non-positional format of string resource string/resolution_not_support. Did you mean to add the formatted="false" attribute?
/app/app/src/main/res/values-ja/strings.xml:163:4: Multiple substitutions specified in non-positional format of string resource string/resolution_not_support. Did you mean to add the formatted="false" attribute?
/app/app/src/main/res/values-ko/strings.xml:163:0: Multiple substitutions specified in non-positional format of string resource string/resolution_not_support. Did you mean to add the formatted="false" attribute?
/app/app/src/main/res/values-ru/strings.xml:162:1: Multiple substitutions specified in non-positional format of string resource string/resolution_not_support. Did you mean to add the formatted="false" attribute?
/app/app/src/main/res/values-th/strings.xml:162:1: Multiple substitutions specified in non-positional format of string resource string/resolution_not_support. Did you mean to add the formatted="false" attribute?
/app/app/src/main/res/values-de/strings.xml:154:4: Multiple substitutions specified in non-positional format of string resource string/resolution_not_support. Did you mean to add the formatted="false" attribute?
/app/app/src/main/res/values-uk/strings.xml:162:1: Multiple substitutions specified in non-positional format of string resource string/resolution_not_support. Did you mean to add the formatted="false" attribute?
/app/app/src/main/res/values-tr/strings.xml:162:1: Multiple substitutions specified in non-positional format of string resource string/resolution_not_support. Did you mean to add the formatted="false" attribute?
/app/app/src/main/res/values-ms/strings.xml:163:1: Multiple substitutions specified in non-positional format of string resource string/resolution_not_support. Did you mean to add the formatted="false" attribute?
/app/app/src/main/res/values-es/strings.xml:162:4: Multiple substitutions specified in non-positional format of string resource string/resolution_not_support. Did you mean to add the formatted="false" attribute?
/app/app/src/main/res/values-zh-rCN/strings.xml:165:4: Multiple substitutions specified in non-positional format of string resource string/resolution_not_support. Did you mean to add the formatted="false" attribute?
/app/app/src/main/res/values-vi/strings.xml:163:1: Multiple substitutions specified in non-positional format of string resource string/resolution_not_support. Did you mean to add the formatted="false" attribute?
/app/app/src/main/res/values-fr/strings.xml:179:1: Multiple substitutions specified in non-positional format of string resource string/resolution_not_support. Did you mean to add the formatted="false" attribute?
/app/app/src/main/res/values-pl/strings.xml:142:4: Multiple substitutions specified in non-positional format of string resource string/resolution_not_support. Did you mean to add the formatted="false" attribute?
/app/app/src/main/res/values-it/strings.xml:170:4: Multiple substitutions specified in non-positional format of string resource string/resolution_not_support. Did you mean to add the formatted="false" attribute?
/app/app/src/main/res/values-ar/strings.xml:164:4: Multiple substitutions specified in non-positional format of string resource string/resolution_not_support. Did you mean to add the formatted="false" attribute?
/app/app/src/main/res/values-pt-rBR/strings.xml:142:4: Multiple substitutions specified in non-positional format of string resource string/resolution_not_support. Did you mean to add the formatted="false" attribute?
/app/app/src/main/res/values-zh-rTW/strings.xml:162:1: Multiple substitutions specified in non-positional format of string resource string/resolution_not_support. Did you mean to add the formatted="false" attribute?
/app/app/src/main/res/values-fa/strings.xml:163:4: Multiple substitutions specified in non-positional format of string resource string/resolution_not_support. Did you mean to add the formatted="false" attribute?

> Task :app:packageDebugResources
> Task :app:createDebugCompatibleScreenManifests
> Task :app:extractDeepLinksDebug
> Task :app:parseDebugLocalResources
> Task :app:processDebugMainManifest
> Task :app:processDebugManifest
> Task :app:mergeDebugShaders
> Task :app:compileDebugShaders NO-SOURCE
> Task :app:generateDebugAssets UP-TO-DATE
> Task :app:mergeDebugAssets
> Task :app:processDebugManifestForPackage
> Task :app:compressDebugAssets
> Task :app:processDebugJavaRes NO-SOURCE
> Task :app:processDebugResources
> Task :app:mergeDebugJavaResource

> Task :app:compileDebugJavaWithJavac
Note: Some input files use or override a deprecated API.
Note: Recompile with -Xlint:deprecation for details.

> Task :app:desugarDebugFileDependencies
> Task :app:checkDebugDuplicateClasses
> Task :app:dexBuilderDebug
> Task :app:mergeExtDexDebug
> Task :app:mergeLibDexDebug
> Task :app:mergeProjectDexDebug

> Task :app:configureCMakeDebug[arm64-v8a]
Checking the license for package CMake 3.22.1 in /opt/android-sdk/licenses
License for package CMake 3.22.1 accepted.
Preparing "Install CMake 3.22.1 v.3.22.1".
"Install CMake 3.22.1 v.3.22.1" ready.
Installing CMake 3.22.1 in /opt/android-sdk/cmake/3.22.1
"Install CMake 3.22.1 v.3.22.1" complete.
"Install CMake 3.22.1 v.3.22.1" finished.
C/C++: -- Dependency: adding libc (Android target detected)
C/C++: ** AsmJit Summary **
C/C++:    ASMJIT_DIR=/app/app/src/main/cpp/rpcs3/3rdparty/asmjit/asmjit
C/C++:    ASMJIT_TEST=FALSE
C/C++:    ASMJIT_TARGET_TYPE=EMBED
C/C++:    ASMJIT_DEPS=c
C/C++:    ASMJIT_LIBS=c
C/C++:    ASMJIT_CFLAGS=-DASMJIT_STATIC;-DASMJIT_NO_DEPRECATED
C/C++:    ASMJIT_PRIVATE_CFLAGS=-Wall;-Wextra;-Wconversion;-fno-math-errno;-fno-threadsafe-statics;-fno-semantic-interposition;-DASMJIT_STATIC;-DASMJIT_NO_DEPRECATED
C/C++:    ASMJIT_PRIVATE_CFLAGS_DBG=
C/C++:    ASMJIT_PRIVATE_CFLAGS_REL=-O2;-fmerge-all-constants
C/C++: CMake Error at /opt/android-sdk/cmake/3.22.1/share/cmake-3.22/Modules/FindPackageHandleStandardArgs.cmake:230 (message):
C/C++:   Could NOT find Python3 (missing: Python3_EXECUTABLE Interpreter) (Required
C/C++:   is at least version "3.0")
C/C++:       Reason given by package:
C/C++:           Interpreter: Cannot use the interpreter "/home/jules/.pyenv/shims/python3.10"
C/C++: Call Stack (most recent call first):
C/C++:   /opt/android-sdk/cmake/3.22.1/share/cmake-3.22/Modules/FindPackageHandleStandardArgs.cmake:594 (_FPHSA_FAILURE_MESSAGE)
C/C++:   /opt/android-sdk/cmake/3.22.1/share/cmake-3.22/Modules/FindPython/Support.cmake:3166 (find_package_handle_standard_args)
C/C++:   /opt/android-sdk/cmake/3.22.1/share/cmake-3.22/Modules/FindPython3.cmake:490 (include)
C/C++:   rpcs3/3rdparty/llvm/llvm-19.1.7/llvm/CMakeLists.txt:943 (find_package)

> Task :app:configureCMakeDebug[arm64-v8a] FAILED

FAILURE: Build failed with an exception.

* What went wrong:
Execution failed for task ':app:configureCMakeDebug[arm64-v8a]'.
> [CXX1429] error when building with cmake using /app/app/src/main/cpp/CMakeLists.txt: -- The C compiler identification is Clang 18.0.1
  -- The CXX compiler identification is Clang 18.0.1
  -- Detecting C compiler ABI info
  -- Detecting C compiler ABI info - done
  -- Check for working C compiler: /opt/android-sdk/ndk/27.0.12077973/toolchains/llvm/prebuilt/linux-x86_64/bin/clang - skipped
  -- Detecting C compile features
  -- Detecting C compile features - done
  -- Detecting CXX compiler ABI info
  -- Detecting CXX compiler ABI info - done
  -- Check for working CXX compiler: /opt/android-sdk/ndk/27.0.12077973/toolchains/llvm/prebuilt/linux-x86_64/bin/clang++ - skipped
  -- Detecting CXX compile features
  -- Detecting CXX compile features - done
  -- Found PkgConfig: /usr/bin/pkg-config (found version "1.8.1")
  -- RPCS3: Using system ZLIB
  -- The ASM compiler identification is Clang with GNU-like command-line
  -- Found assembler: /opt/android-sdk/ndk/27.0.12077973/toolchains/llvm/prebuilt/linux-x86_64/bin/clang
  -- ZSTD VERSION: 1.5.6
  -- Performing Test C_FLAG_WALL
  -- Performing Test C_FLAG_WALL - Success
  -- Performing Test CXX_FLAG_WALL
  -- Performing Test CXX_FLAG_WALL - Success
  -- Performing Test C_FLAG_WEXTRA
  -- Performing Test C_FLAG_WEXTRA - Success
  -- Performing Test CXX_FLAG_WEXTRA
  -- Performing Test CXX_FLAG_WEXTRA - Success
  -- Performing Test C_FLAG_WUNDEF
  -- Performing Test C_FLAG_WUNDEF - Success
  -- Performing Test CXX_FLAG_WUNDEF
  -- Performing Test CXX_FLAG_WUNDEF - Success
  -- Performing Test C_FLAG_WSHADOW
  -- Performing Test C_FLAG_WSHADOW - Success
  -- Performing Test CXX_FLAG_WSHADOW
  -- Performing Test CXX_FLAG_WSHADOW - Success
  -- Performing Test C_FLAG_WCAST_ALIGN
  -- Performing Test C_FLAG_WCAST_ALIGN - Success
  -- Performing Test CXX_FLAG_WCAST_ALIGN
  -- Performing Test CXX_FLAG_WCAST_ALIGN - Success
  -- Performing Test C_FLAG_WCAST_QUAL
  -- Performing Test C_FLAG_WCAST_QUAL - Success
  -- Performing Test CXX_FLAG_WCAST_QUAL
  -- Performing Test CXX_FLAG_WCAST_QUAL - Success
  -- Performing Test C_FLAG_WSTRICT_PROTOTYPES
  -- Performing Test C_FLAG_WSTRICT_PROTOTYPES - Success
  -- Performing Test C_FLAG_DDEBUGLEVEL_1
  -- Performing Test C_FLAG_DDEBUGLEVEL_1 - Success
  -- Performing Test CXX_FLAG_DDEBUGLEVEL_1
  -- Performing Test CXX_FLAG_DDEBUGLEVEL_1 - Success
  -- Performing Test LD_FLAG_Z_NOEXECSTACK
  -- Performing Test LD_FLAG_Z_NOEXECSTACK - Failed
  -- Performing Test C_FLAG_QUNUSED_ARGUMENTS
  -- Performing Test C_FLAG_QUNUSED_ARGUMENTS - Success
  -- Performing Test CXX_FLAG_QUNUSED_ARGUMENTS
  -- Performing Test CXX_FLAG_QUNUSED_ARGUMENTS - Success
  -- Performing Test C_FLAG_WA_NOEXECSTACK
  -- Performing Test C_FLAG_WA_NOEXECSTACK - Success
  -- Performing Test CXX_FLAG_WA_NOEXECSTACK
  -- Performing Test CXX_FLAG_WA_NOEXECSTACK - Success
  -- CMAKE_INSTALL_PREFIX: /usr/local
  -- CMAKE_INSTALL_LIBDIR: lib
  -- ZSTD_LEGACY_SUPPORT defined!
  -- ZSTD_MULTITHREAD_SUPPORT is disabled
  -- Building for target architecture: aarch64
  -- Found ZLIB: /opt/android-sdk/ndk/27.0.12077973/toolchains/llvm/prebuilt/linux-x86_64/sysroot/usr/lib/aarch64-linux-android/28/libz.so (found version "1.3.0.1")
  -- Found AWK program: /usr/bin/gawk
  -- Checking for module 'libusb-1.0>=1.0'
  --   Package 'libusb-1.0', required by 'virtual:world', not found
  -- Looking for pthread.h
  -- Looking for pthread.h - found
  -- Performing Test CMAKE_HAVE_LIBC_PTHREAD
  -- Performing Test CMAKE_HAVE_LIBC_PTHREAD - Failed
  -- Looking for pthread_create in pthreads
  -- Looking for pthread_create in pthreads - not found
  -- Looking for pthread_create in pthread
  -- Looking for pthread_create in pthread - not found
  -- Check if compiler accepts -pthread
  -- Check if compiler accepts -pthread - yes
  -- Found Threads: TRUE
  -- Looking for include file sys/timerfd.h
  -- Looking for include file sys/timerfd.h - found
  -- Looking for include file poll.h
  -- Looking for include file poll.h - found
  -- Looking for sys/types.h
  -- Looking for sys/types.h - found
  -- Looking for stdint.h
  -- Looking for stdint.h - found
  -- Looking for stddef.h
  -- Looking for stddef.h - found
  -- Check size of nfds_t
  -- Check size of nfds_t - done
  -- Generated configuration file in /app/app/.cxx/Debug/56c3h1b2/arm64-v8a/rpcs3/3rdparty/libusb/config.h
  -- hidapi skip libusb
  -- xxHash build type: Debug
  -- Architecture: x86_64
  -- does not use OpenGL for Android
  -- Performing Test COMPILER_X86
  -- Performing Test COMPILER_X86 - Failed
  -- Performing Test COMPILER_HAS_HIDDEN_VISIBILITY
  -- Performing Test COMPILER_HAS_HIDDEN_VISIBILITY - Success
  -- Performing Test COMPILER_HAS_HIDDEN_INLINE_VISIBILITY
  -- Performing Test COMPILER_HAS_HIDDEN_INLINE_VISIBILITY - Success
  -- Performing Test COMPILER_HAS_DEPRECATED_ATTR
  -- Performing Test COMPILER_HAS_DEPRECATED_ATTR - Success
  -- Looking for include file pulse/pulseaudio.h
  -- Looking for include file pulse/pulseaudio.h - not found
  -- Looking for include file alsa/asoundlib.h
  -- Looking for include file alsa/asoundlib.h - not found
  -- Looking for include file jack/jack.h
  -- Looking for include file jack/jack.h - not found
  -- Looking for include file sndio.h
  -- Looking for include file sndio.h - not found
  -- Looking for include file aaudio/AAudio.h
  -- Looking for include file aaudio/AAudio.h - found
  -- Looking for include file AudioUnit/AudioUnit.h
  -- Looking for include file AudioUnit/AudioUnit.h - not found
  -- Looking for include file audioclient.h
  -- Looking for include file audioclient.h - not found
  -- Looking for include files windows.h, mmsystem.h
  -- Looking for include files windows.h, mmsystem.h - not found
  -- Looking for include file SLES/OpenSLES.h
  -- Looking for include file SLES/OpenSLES.h - found
  -- Looking for include file sys/soundcard.h
  -- Looking for include file sys/soundcard.h - not found
  -- Looking for include file android/log.h
  -- Looking for include file android/log.h - found
  -- Looking for include file sys/audioio.h
  -- Looking for include file sys/audioio.h - not found
  -- Looking for include file kai.h
  -- Looking for include file kai.h - not found
  -- Could NOT find Doxygen (missing: DOXYGEN_EXECUTABLE)
  -- Found Vulkan: /opt/android-sdk/ndk/27.0.12077973/toolchains/llvm/prebuilt/linux-x86_64/sysroot/usr/lib/aarch64-linux-android/28/libvulkan.so
  -- Performing Test __CxxFlag__fno_threadsafe_statics
  -- Performing Test __CxxFlag__fno_threadsafe_statics - Success
  -- Performing Test __CxxFlag__fno_semantic_interposition
  -- Performing Test __CxxFlag__fno_semantic_interposition - Success
  -- Performing Test __CxxFlag__fmerge_all_constants
  -- Performing Test __CxxFlag__fmerge_all_constants - Success
  -- Performing Test __CxxFlag__fno_enforce_eh_specs
  -- Performing Test __CxxFlag__fno_enforce_eh_specs - Failed
  -- Performing Test COMPILER_ARM
  -- Performing Test COMPILER_ARM - Success
  -- LLVM will be built from the submodule.
  -- Configuring incomplete, errors occurred!
  See also "/app/app/.cxx/Debug/56c3h1b2/arm64-v8a/CMakeFiles/CMakeOutput.log".
  See also "/app/app/.cxx/Debug/56c3h1b2/arm64-v8a/CMakeFiles/CMakeError.log".

  C++ build system [configure] failed while executing:
      /opt/android-sdk/cmake/3.22.1/bin/cmake \
        -H/app/app/src/main/cpp \
        -DCMAKE_SYSTEM_NAME=Android \
        -DCMAKE_EXPORT_COMPILE_COMMANDS=ON \
        -DCMAKE_SYSTEM_VERSION=28 \
        -DANDROID_PLATFORM=android-28 \
        -DANDROID_ABI=arm64-v8a \
        -DCMAKE_ANDROID_ARCH_ABI=arm64-v8a \
        -DANDROID_NDK=/opt/android-sdk/ndk/27.0.12077973 \
        -DCMAKE_ANDROID_NDK=/opt/android-sdk/ndk/27.0.12077973 \
        -DCMAKE_TOOLCHAIN_FILE=/opt/android-sdk/ndk/27.0.12077973/build/cmake/android.toolchain.cmake \
        -DCMAKE_MAKE_PROGRAM=/opt/android-sdk/cmake/3.22.1/bin/ninja \
        -DCMAKE_LIBRARY_OUTPUT_DIRECTORY=/app/app/build/intermediates/cxx/Debug/56c3h1b2/obj/arm64-v8a \
        -DCMAKE_RUNTIME_OUTPUT_DIRECTORY=/app/app/build/intermediates/cxx/Debug/56c3h1b2/obj/arm64-v8a \
        -DCMAKE_BUILD_TYPE=Debug \
        -B/app/app/.cxx/Debug/56c3h1b2/arm64-v8a \
        -GNinja
    from /app/app
  -- Dependency: adding libc (Android target detected)
  ** AsmJit Summary **
     ASMJIT_DIR=/app/app/src/main/cpp/rpcs3/3rdparty/asmjit/asmjit
     ASMJIT_TEST=FALSE
     ASMJIT_TARGET_TYPE=EMBED
     ASMJIT_DEPS=c
     ASMJIT_LIBS=c
     ASMJIT_CFLAGS=-DASMJIT_STATIC;-DASMJIT_NO_DEPRECATED
     ASMJIT_PRIVATE_CFLAGS=-Wall;-Wextra;-Wconversion;-fno-math-errno;-fno-threadsafe-statics;-fno-semantic-interposition;-DASMJIT_STATIC;-DASMJIT_NO_DEPRECATED
     ASMJIT_PRIVATE_CFLAGS_DBG=
     ASMJIT_PRIVATE_CFLAGS_REL=-O2;-fmerge-all-constants
  CMake Error at /opt/android-sdk/cmake/3.22.1/share/cmake-3.22/Modules/FindPackageHandleStandardArgs.cmake:230 (message):
    Could NOT find Python3 (missing: Python3_EXECUTABLE Interpreter) (Required
    is at least version "3.0")

        Reason given by package:
            Interpreter: Cannot use the interpreter "/home/jules/.pyenv/shims/python3.10"

  Call Stack (most recent call first):
    /opt/android-sdk/cmake/3.22.1/share/cmake-3.22/Modules/FindPackageHandleStandardArgs.cmake:594 (_FPHSA_FAILURE_MESSAGE)
    /opt/android-sdk/cmake/3.22.1/share/cmake-3.22/Modules/FindPython/Support.cmake:3166 (find_package_handle_standard_args)
    /opt/android-sdk/cmake/3.22.1/share/cmake-3.22/Modules/FindPython3.cmake:490 (include)
    rpcs3/3rdparty/llvm/llvm-19.1.7/llvm/CMakeLists.txt:943 (find_package) : com.android.ide.common.process.ProcessException: -- The C compiler identification is Clang 18.0.1
  -- The CXX compiler identification is Clang 18.0.1
  -- Detecting C compiler ABI info
  -- Detecting C compiler ABI info - done
  -- Check for working C compiler: /opt/android-sdk/ndk/27.0.12077973/toolchains/llvm/prebuilt/linux-x86_64/bin/clang - skipped
  -- Detecting C compile features
  -- Detecting C compile features - done
  -- Detecting CXX compiler ABI info
  -- Detecting CXX compiler ABI info - done
  -- Check for working CXX compiler: /opt/android-sdk/ndk/27.0.12077973/toolchains/llvm/prebuilt/linux-x86_64/bin/clang++ - skipped
  -- Detecting CXX compile features
  -- Detecting CXX compile features - done
  -- Found PkgConfig: /usr/bin/pkg-config (found version "1.8.1")
  -- RPCS3: Using system ZLIB
  -- The ASM compiler identification is Clang with GNU-like command-line
  -- Found assembler: /opt/android-sdk/ndk/27.0.12077973/toolchains/llvm/prebuilt/linux-x86_64/bin/clang
  -- ZSTD VERSION: 1.5.6
  -- Performing Test C_FLAG_WALL
  -- Performing Test C_FLAG_WALL - Success
  -- Performing Test CXX_FLAG_WALL
  -- Performing Test CXX_FLAG_WALL - Success
  -- Performing Test C_FLAG_WEXTRA
  -- Performing Test C_FLAG_WEXTRA - Success
  -- Performing Test CXX_FLAG_WEXTRA
  -- Performing Test CXX_FLAG_WEXTRA - Success
  -- Performing Test C_FLAG_WUNDEF
  -- Performing Test C_FLAG_WUNDEF - Success
  -- Performing Test CXX_FLAG_WUNDEF
  -- Performing Test CXX_FLAG_WUNDEF - Success
  -- Performing Test C_FLAG_WSHADOW
  -- Performing Test C_FLAG_WSHADOW - Success
  -- Performing Test CXX_FLAG_WSHADOW
  -- Performing Test CXX_FLAG_WSHADOW - Success
  -- Performing Test C_FLAG_WCAST_ALIGN
  -- Performing Test C_FLAG_WCAST_ALIGN - Success
  -- Performing Test CXX_FLAG_WCAST_ALIGN
  -- Performing Test CXX_FLAG_WCAST_ALIGN - Success
  -- Performing Test C_FLAG_WCAST_QUAL
  -- Performing Test C_FLAG_WCAST_QUAL - Success
  -- Performing Test CXX_FLAG_WCAST_QUAL
  -- Performing Test CXX_FLAG_WCAST_QUAL - Success
  -- Performing Test C_FLAG_WSTRICT_PROTOTYPES
  -- Performing Test C_FLAG_WSTRICT_PROTOTYPES - Success
  -- Performing Test C_FLAG_DDEBUGLEVEL_1
  -- Performing Test C_FLAG_DDEBUGLEVEL_1 - Success
  -- Performing Test CXX_FLAG_DDEBUGLEVEL_1
  -- Performing Test CXX_FLAG_DDEBUGLEVEL_1 - Success
  -- Performing Test LD_FLAG_Z_NOEXECSTACK
  -- Performing Test LD_FLAG_Z_NOEXECSTACK - Failed
  -- Performing Test C_FLAG_QUNUSED_ARGUMENTS
  -- Performing Test C_FLAG_QUNUSED_ARGUMENTS - Success
  -- Performing Test CXX_FLAG_QUNUSED_ARGUMENTS
  -- Performing Test CXX_FLAG_QUNUSED_ARGUMENTS - Success
  -- Performing Test C_FLAG_WA_NOEXECSTACK
  -- Performing Test C_FLAG_WA_NOEXECSTACK - Success
  -- Performing Test CXX_FLAG_WA_NOEXECSTACK
  -- Performing Test CXX_FLAG_WA_NOEXECSTACK - Success
  -- CMAKE_INSTALL_PREFIX: /usr/local
  -- CMAKE_INSTALL_LIBDIR: lib
  -- ZSTD_LEGACY_SUPPORT defined!
  -- ZSTD_MULTITHREAD_SUPPORT is disabled
  -- Building for target architecture: aarch64
  -- Found ZLIB: /opt/android-sdk/ndk/27.0.12077973/toolchains/llvm/prebuilt/linux-x86_64/sysroot/usr/lib/aarch64-linux-android/28/libz.so (found version "1.3.0.1")
  -- Found AWK program: /usr/bin/gawk
  -- Checking for module 'libusb-1.0>=1.0'
  --   Package 'libusb-1.0', required by 'virtual:world', not found
  -- Looking for pthread.h
  -- Looking for pthread.h - found
  -- Performing Test CMAKE_HAVE_LIBC_PTHREAD
  -- Performing Test CMAKE_HAVE_LIBC_PTHREAD - Failed
  -- Looking for pthread_create in pthreads
  -- Looking for pthread_create in pthreads - not found
  -- Looking for pthread_create in pthread
  -- Looking for pthread_create in pthread - not found
  -- Check if compiler accepts -pthread
  -- Check if compiler accepts -pthread - yes
  -- Found Threads: TRUE
  -- Looking for include file sys/timerfd.h
  -- Looking for include file sys/timerfd.h - found
  -- Looking for include file poll.h
  -- Looking for include file poll.h - found
  -- Looking for sys/types.h
  -- Looking for sys/types.h - found
  -- Looking for stdint.h
  -- Looking for stdint.h - found
  -- Looking for stddef.h
  -- Looking for stddef.h - found
  -- Check size of nfds_t
  -- Check size of nfds_t - done
  -- Generated configuration file in /app/app/.cxx/Debug/56c3h1b2/arm64-v8a/rpcs3/3rdparty/libusb/config.h
  -- hidapi skip libusb
  -- xxHash build type: Debug
  -- Architecture: x86_64
  -- does not use OpenGL for Android
  -- Performing Test COMPILER_X86
  -- Performing Test COMPILER_X86 - Failed
  -- Performing Test COMPILER_HAS_HIDDEN_VISIBILITY
  -- Performing Test COMPILER_HAS_HIDDEN_VISIBILITY - Success
  -- Performing Test COMPILER_HAS_HIDDEN_INLINE_VISIBILITY
  -- Performing Test COMPILER_HAS_HIDDEN_INLINE_VISIBILITY - Success
  -- Performing Test COMPILER_HAS_DEPRECATED_ATTR
  -- Performing Test COMPILER_HAS_DEPRECATED_ATTR - Success
  -- Looking for include file pulse/pulseaudio.h
  -- Looking for include file pulse/pulseaudio.h - not found
  -- Looking for include file alsa/asoundlib.h
  -- Looking for include file alsa/asoundlib.h - not found
  -- Looking for include file jack/jack.h
  -- Looking for include file jack/jack.h - not found
  -- Looking for include file sndio.h
  -- Looking for include file sndio.h - not found
  -- Looking for include file aaudio/AAudio.h
  -- Looking for include file aaudio/AAudio.h - found
  -- Looking for include file AudioUnit/AudioUnit.h
  -- Looking for include file AudioUnit/AudioUnit.h - not found
  -- Looking for include file audioclient.h
  -- Looking for include file audioclient.h - not found
  -- Looking for include files windows.h, mmsystem.h
  -- Looking for include files windows.h, mmsystem.h - not found
  -- Looking for include file SLES/OpenSLES.h
  -- Looking for include file SLES/OpenSLES.h - found
  -- Looking for include file sys/soundcard.h
  -- Looking for include file sys/soundcard.h - not found
  -- Looking for include file android/log.h
  -- Looking for include file android/log.h - found
  -- Looking for include file sys/audioio.h
  -- Looking for include file sys/audioio.h - not found
  -- Looking for include file kai.h
  -- Looking for include file kai.h - not found
  -- Could NOT find Doxygen (missing: DOXYGEN_EXECUTABLE)
  -- Found Vulkan: /opt/android-sdk/ndk/27.0.12077973/toolchains/llvm/prebuilt/linux-x86_64/sysroot/usr/lib/aarch64-linux-android/28/libvulkan.so
  -- Performing Test __CxxFlag__fno_threadsafe_statics
  -- Performing Test __CxxFlag__fno_threadsafe_statics - Success
  -- Performing Test __CxxFlag__fno_semantic_interposition
  -- Performing Test __CxxFlag__fno_semantic_interposition - Success
  -- Performing Test __CxxFlag__fmerge_all_constants
  -- Performing Test __CxxFlag__fmerge_all_constants - Success
  -- Performing Test __CxxFlag__fno_enforce_eh_specs
  -- Performing Test __CxxFlag__fno_enforce_eh_specs - Failed
  -- Performing Test COMPILER_ARM
  -- Performing Test COMPILER_ARM - Success
  -- LLVM will be built from the submodule.
  -- Configuring incomplete, errors occurred!
  See also "/app/app/.cxx/Debug/56c3h1b2/arm64-v8a/CMakeFiles/CMakeOutput.log".
  See also "/app/app/.cxx/Debug/56c3h1b2/arm64-v8a/CMakeFiles/CMakeError.log".

  C++ build system [configure] failed while executing:
      /opt/android-sdk/cmake/3.22.1/bin/cmake \
        -H/app/app/src/main/cpp \
        -DCMAKE_SYSTEM_NAME=Android \
        -DCMAKE_EXPORT_COMPILE_COMMANDS=ON \
        -DCMAKE_SYSTEM_VERSION=28 \
        -DANDROID_PLATFORM=android-28 \
        -DANDROID_ABI=arm64-v8a \
        -DCMAKE_ANDROID_ARCH_ABI=arm64-v8a \
        -DANDROID_NDK=/opt/android-sdk/ndk/27.0.12077973 \
        -DCMAKE_ANDROID_NDK=/opt/android-sdk/ndk/27.0.12077973 \
        -DCMAKE_TOOLCHAIN_FILE=/opt/android-sdk/ndk/27.0.12077973/build/cmake/android.toolchain.cmake \
        -DCMAKE_MAKE_PROGRAM=/opt/android-sdk/cmake/3.22.1/bin/ninja \
        -DCMAKE_LIBRARY_OUTPUT_DIRECTORY=/app/app/build/intermediates/cxx/Debug/56c3h1b2/obj/arm64-v8a \
        -DCMAKE_RUNTIME_OUTPUT_DIRECTORY=/app/app/build/intermediates/cxx/Debug/56c3h1b2/obj/arm64-v8a \
        -DCMAKE_BUILD_TYPE=Debug \
        -B/app/app/.cxx/Debug/56c3h1b2/arm64-v8a \
        -GNinja
    from /app/app
  -- Dependency: adding libc (Android target detected)
  ** AsmJit Summary **
     ASMJIT_DIR=/app/app/src/main/cpp/rpcs3/3rdparty/asmjit/asmjit
     ASMJIT_TEST=FALSE
     ASMJIT_TARGET_TYPE=EMBED
     ASMJIT_DEPS=c
     ASMJIT_LIBS=c
     ASMJIT_CFLAGS=-DASMJIT_STATIC;-DASMJIT_NO_DEPRECATED
     ASMJIT_PRIVATE_CFLAGS=-Wall;-Wextra;-Wconversion;-fno-math-errno;-fno-threadsafe-statics;-fno-semantic-interposition;-DASMJIT_STATIC;-DASMJIT_NO_DEPRECATED
     ASMJIT_PRIVATE_CFLAGS_DBG=
     ASMJIT_PRIVATE_CFLAGS_REL=-O2;-fmerge-all-constants
  CMake Error at /opt/android-sdk/cmake/3.22.1/share/cmake-3.22/Modules/FindPackageHandleStandardArgs.cmake:230 (message):
    Could NOT find Python3 (missing: Python3_EXECUTABLE Interpreter) (Required
    is at least version "3.0")

        Reason given by package:
            Interpreter: Cannot use the interpreter "/home/jules/.pyenv/shims/python3.10"

  Call Stack (most recent call first):
    /opt/android-sdk/cmake/3.22.1/share/cmake-3.22/Modules/FindPackageHandleStandardArgs.cmake:594 (_FPHSA_FAILURE_MESSAGE)
    /opt/android-sdk/cmake/3.22.1/share/cmake-3.22/Modules/FindPython/Support.cmake:3166 (find_package_handle_standard_args)
    /opt/android-sdk/cmake/3.22.1/share/cmake-3.22/Modules/FindPython3.cmake:490 (include)
    rpcs3/3rdparty/llvm/llvm-19.1.7/llvm/CMakeLists.txt:943 (find_package)
	at com.android.build.gradle.internal.cxx.process.ExecuteProcessKt.execute(ExecuteProcess.kt:288)
	at com.android.build.gradle.internal.cxx.process.ExecuteProcessKt$executeProcess$1.invoke(ExecuteProcess.kt:108)
	at com.android.build.gradle.internal.cxx.process.ExecuteProcessKt$executeProcess$1.invoke(ExecuteProcess.kt:106)
	at com.android.build.gradle.internal.cxx.timing.TimingEnvironmentKt.time(TimingEnvironment.kt:32)
	at com.android.build.gradle.internal.cxx.process.ExecuteProcessKt.executeProcess(ExecuteProcess.kt:106)
	at com.android.build.gradle.internal.cxx.process.ExecuteProcessKt.executeProcess$default(ExecuteProcess.kt:85)
	at com.android.build.gradle.tasks.CmakeQueryMetadataGenerator.executeProcess(CmakeFileApiMetadataGenerator.kt:59)
	at com.android.build.gradle.tasks.ExternalNativeJsonGenerator$configureOneAbi$1$1$3.invoke(ExternalNativeJsonGenerator.kt:247)
	at com.android.build.gradle.tasks.ExternalNativeJsonGenerator$configureOneAbi$1$1$3.invoke(ExternalNativeJsonGenerator.kt:247)
	at com.android.build.gradle.internal.cxx.timing.TimingEnvironmentKt.time(TimingEnvironment.kt:32)
	at com.android.build.gradle.tasks.ExternalNativeJsonGenerator.configureOneAbi(ExternalNativeJsonGenerator.kt:247)
	at com.android.build.gradle.tasks.ExternalNativeJsonGenerator.configure(ExternalNativeJsonGenerator.kt:113)
	at com.android.build.gradle.tasks.ExternalNativeBuildJsonTask.doTaskAction(ExternalNativeBuildJsonTask.kt:89)
	at com.android.build.gradle.internal.tasks.UnsafeOutputsTask$taskAction$$inlined$recordTaskAction$1.invoke(BaseTask.kt:59)
	at com.android.build.gradle.internal.tasks.Blocks.recordSpan(Blocks.java:51)
	at com.android.build.gradle.internal.tasks.UnsafeOutputsTask.taskAction(UnsafeOutputsTask.kt:81)
	at java.base/jdk.internal.reflect.DirectMethodHandleAccessor.invoke(DirectMethodHandleAccessor.java:103)
	at java.base/java.lang.reflect.Method.invoke(Method.java:580)
	at org.gradle.internal.reflect.JavaMethod.invoke(JavaMethod.java:125)
	at org.gradle.api.internal.project.taskfactory.StandardTaskAction.doExecute(StandardTaskAction.java:58)
	at org.gradle.api.internal.project.taskfactory.StandardTaskAction.execute(StandardTaskAction.java:51)
	at org.gradle.api.internal.project.taskfactory.StandardTaskAction.execute(StandardTaskAction.java:29)
	at org.gradle.api.internal.tasks.execution.TaskExecution$3.run(TaskExecution.java:244)
	at org.gradle.internal.operations.DefaultBuildOperationRunner$1.execute(DefaultBuildOperationRunner.java:29)
	at org.gradle.internal.operations.DefaultBuildOperationRunner$1.execute(DefaultBuildOperationRunner.java:26)
	at org.gradle.internal.operations.DefaultBuildOperationRunner$2.execute(DefaultBuildOperationRunner.java:66)
	at org.gradle.internal.operations.DefaultBuildOperationRunner$2.execute(DefaultBuildOperationRunner.java:59)
	at org.gradle.internal.operations.DefaultBuildOperationRunner.execute(DefaultBuildOperationRunner.java:166)
	at org.gradle.internal.operations.DefaultBuildOperationRunner.execute(DefaultBuildOperationRunner.java:59)
	at org.gradle.internal.operations.DefaultBuildOperationRunner.run(DefaultBuildOperationRunner.java:47)
	at org.gradle.api.internal.tasks.execution.TaskExecution.executeAction(TaskExecution.java:229)
	at org.gradle.api.internal.tasks.execution.TaskExecution.executeActions(TaskExecution.java:212)
	at org.gradle.api.internal.tasks.execution.TaskExecution.executeWithPreviousOutputFiles(TaskExecution.java:195)
	at org.gradle.api.internal.tasks.execution.TaskExecution.execute(TaskExecution.java:162)
	at org.gradle.internal.execution.steps.ExecuteStep.executeInternal(ExecuteStep.java:105)
	at org.gradle.internal.execution.steps.ExecuteStep.access$000(ExecuteStep.java:44)
	at org.gradle.internal.execution.steps.ExecuteStep$1.call(ExecuteStep.java:59)
	at org.gradle.internal.execution.steps.ExecuteStep$1.call(ExecuteStep.java:56)
	at org.gradle.internal.operations.DefaultBuildOperationRunner$CallableBuildOperationWorker.execute(DefaultBuildOperationRunner.java:209)
	at org.gradle.internal.operations.DefaultBuildOperationRunner$CallableBuildOperationWorker.execute(DefaultBuildOperationRunner.java:204)
	at org.gradle.internal.operations.DefaultBuildOperationRunner$2.execute(DefaultBuildOperationRunner.java:66)
	at org.gradle.internal.operations.DefaultBuildOperationRunner$2.execute(DefaultBuildOperationRunner.java:59)
	at org.gradle.internal.operations.DefaultBuildOperationRunner.execute(DefaultBuildOperationRunner.java:166)
	at org.gradle.internal.operations.DefaultBuildOperationRunner.execute(DefaultBuildOperationRunner.java:59)
	at org.gradle.internal.operations.DefaultBuildOperationRunner.call(DefaultBuildOperationRunner.java:53)
	at org.gradle.internal.execution.steps.ExecuteStep.execute(ExecuteStep.java:56)
	at org.gradle.internal.execution.steps.ExecuteStep.execute(ExecuteStep.java:44)
	at org.gradle.internal.execution.steps.CancelExecutionStep.execute(CancelExecutionStep.java:42)
	at org.gradle.internal.execution.steps.TimeoutStep.executeWithoutTimeout(TimeoutStep.java:75)
	at org.gradle.internal.execution.steps.TimeoutStep.execute(TimeoutStep.java:55)
	at org.gradle.internal.execution.steps.PreCreateOutputParentsStep.execute(PreCreateOutputParentsStep.java:50)
	at org.gradle.internal.execution.steps.PreCreateOutputParentsStep.execute(PreCreateOutputParentsStep.java:28)
	at org.gradle.internal.execution.steps.RemovePreviousOutputsStep.execute(RemovePreviousOutputsStep.java:67)
	at org.gradle.internal.execution.steps.RemovePreviousOutputsStep.execute(RemovePreviousOutputsStep.java:37)
	at org.gradle.internal.execution.steps.BroadcastChangingOutputsStep.execute(BroadcastChangingOutputsStep.java:61)
	at org.gradle.internal.execution.steps.BroadcastChangingOutputsStep.execute(BroadcastChangingOutputsStep.java:26)
	at org.gradle.internal.execution.steps.CaptureOutputsAfterExecutionStep.execute(CaptureOutputsAfterExecutionStep.java:69)
	at org.gradle.internal.execution.steps.CaptureOutputsAfterExecutionStep.execute(CaptureOutputsAfterExecutionStep.java:46)
	at org.gradle.internal.execution.steps.ResolveInputChangesStep.execute(ResolveInputChangesStep.java:40)
	at org.gradle.internal.execution.steps.ResolveInputChangesStep.execute(ResolveInputChangesStep.java:29)
	at org.gradle.internal.execution.steps.BuildCacheStep.executeWithoutCache(BuildCacheStep.java:189)
	at org.gradle.internal.execution.steps.BuildCacheStep.lambda$execute$1(BuildCacheStep.java:75)
	at org.gradle.internal.Either$Right.fold(Either.java:175)
	at org.gradle.internal.execution.caching.CachingState.fold(CachingState.java:62)
	at org.gradle.internal.execution.steps.BuildCacheStep.execute(BuildCacheStep.java:73)
	at org.gradle.internal.execution.steps.BuildCacheStep.execute(BuildCacheStep.java:48)
	at org.gradle.internal.execution.steps.StoreExecutionStateStep.execute(StoreExecutionStateStep.java:46)
	at org.gradle.internal.execution.steps.StoreExecutionStateStep.execute(StoreExecutionStateStep.java:35)
	at org.gradle.internal.execution.steps.SkipUpToDateStep.executeBecause(SkipUpToDateStep.java:75)
	at org.gradle.internal.execution.steps.SkipUpToDateStep.lambda$execute$2(SkipUpToDateStep.java:53)
	at java.base/java.util.Optional.orElseGet(Optional.java:364)
	at org.gradle.internal.execution.steps.SkipUpToDateStep.execute(SkipUpToDateStep.java:53)
	at org.gradle.internal.execution.steps.SkipUpToDateStep.execute(SkipUpToDateStep.java:35)
	at org.gradle.internal.execution.steps.legacy.MarkSnapshottingInputsFinishedStep.execute(MarkSnapshottingInputsFinishedStep.java:37)
	at org.gradle.internal.execution.steps.legacy.MarkSnapshottingInputsFinishedStep.execute(MarkSnapshottingInputsFinishedStep.java:27)
	at org.gradle.internal.execution.steps.ResolveIncrementalCachingStateStep.executeDelegate(ResolveIncrementalCachingStateStep.java:49)
	at org.gradle.internal.execution.steps.ResolveIncrementalCachingStateStep.executeDelegate(ResolveIncrementalCachingStateStep.java:27)
	at org.gradle.internal.execution.steps.AbstractResolveCachingStateStep.execute(AbstractResolveCachingStateStep.java:71)
	at org.gradle.internal.execution.steps.AbstractResolveCachingStateStep.execute(AbstractResolveCachingStateStep.java:39)
	at org.gradle.internal.execution.steps.ResolveChangesStep.execute(ResolveChangesStep.java:65)
	at org.gradle.internal.execution.steps.ResolveChangesStep.execute(ResolveChangesStep.java:36)
	at org.gradle.internal.execution.steps.ValidateStep.execute(ValidateStep.java:107)
	at org.gradle.internal.execution.steps.ValidateStep.execute(ValidateStep.java:56)
	at org.gradle.internal.execution.steps.AbstractCaptureStateBeforeExecutionStep.execute(AbstractCaptureStateBeforeExecutionStep.java:64)
	at org.gradle.internal.execution.steps.AbstractCaptureStateBeforeExecutionStep.execute(AbstractCaptureStateBeforeExecutionStep.java:43)
	at org.gradle.internal.execution.steps.AbstractSkipEmptyWorkStep.executeWithNonEmptySources(AbstractSkipEmptyWorkStep.java:125)
	at org.gradle.internal.execution.steps.AbstractSkipEmptyWorkStep.execute(AbstractSkipEmptyWorkStep.java:56)
	at org.gradle.internal.execution.steps.AbstractSkipEmptyWorkStep.execute(AbstractSkipEmptyWorkStep.java:36)
	at org.gradle.internal.execution.steps.legacy.MarkSnapshottingInputsStartedStep.execute(MarkSnapshottingInputsStartedStep.java:38)
	at org.gradle.internal.execution.steps.LoadPreviousExecutionStateStep.execute(LoadPreviousExecutionStateStep.java:36)
	at org.gradle.internal.execution.steps.LoadPreviousExecutionStateStep.execute(LoadPreviousExecutionStateStep.java:23)
	at org.gradle.internal.execution.steps.HandleStaleOutputsStep.execute(HandleStaleOutputsStep.java:75)
	at org.gradle.internal.execution.steps.HandleStaleOutputsStep.execute(HandleStaleOutputsStep.java:41)
	at org.gradle.internal.execution.steps.AssignMutableWorkspaceStep.lambda$execute$0(AssignMutableWorkspaceStep.java:35)
	at org.gradle.api.internal.tasks.execution.TaskExecution$4.withWorkspace(TaskExecution.java:289)
	at org.gradle.internal.execution.steps.AssignMutableWorkspaceStep.execute(AssignMutableWorkspaceStep.java:31)
	at org.gradle.internal.execution.steps.AssignMutableWorkspaceStep.execute(AssignMutableWorkspaceStep.java:22)
	at org.gradle.internal.execution.steps.ChoosePipelineStep.execute(ChoosePipelineStep.java:40)
	at org.gradle.internal.execution.steps.ChoosePipelineStep.execute(ChoosePipelineStep.java:23)
	at org.gradle.internal.execution.steps.ExecuteWorkBuildOperationFiringStep.lambda$execute$2(ExecuteWorkBuildOperationFiringStep.java:67)
	at java.base/java.util.Optional.orElseGet(Optional.java:364)
	at org.gradle.internal.execution.steps.ExecuteWorkBuildOperationFiringStep.execute(ExecuteWorkBuildOperationFiringStep.java:67)
	at org.gradle.internal.execution.steps.ExecuteWorkBuildOperationFiringStep.execute(ExecuteWorkBuildOperationFiringStep.java:39)
	at org.gradle.internal.execution.steps.IdentityCacheStep.execute(IdentityCacheStep.java:46)
	at org.gradle.internal.execution.steps.IdentityCacheStep.execute(IdentityCacheStep.java:34)
	at org.gradle.internal.execution.steps.IdentifyStep.execute(IdentifyStep.java:48)
	at org.gradle.internal.execution.steps.IdentifyStep.execute(IdentifyStep.java:35)
	at org.gradle.internal.execution.impl.DefaultExecutionEngine$1.execute(DefaultExecutionEngine.java:61)
	at org.gradle.api.internal.tasks.execution.ExecuteActionsTaskExecuter.executeIfValid(ExecuteActionsTaskExecuter.java:127)
	at org.gradle.api.internal.tasks.execution.ExecuteActionsTaskExecuter.execute(ExecuteActionsTaskExecuter.java:116)
	at org.gradle.api.internal.tasks.execution.FinalizePropertiesTaskExecuter.execute(FinalizePropertiesTaskExecuter.java:46)
	at org.gradle.api.internal.tasks.execution.ResolveTaskExecutionModeExecuter.execute(ResolveTaskExecutionModeExecuter.java:51)
	at org.gradle.api.internal.tasks.execution.SkipTaskWithNoActionsExecuter.execute(SkipTaskWithNoActionsExecuter.java:57)
	at org.gradle.api.internal.tasks.execution.SkipOnlyIfTaskExecuter.execute(SkipOnlyIfTaskExecuter.java:74)
	at org.gradle.api.internal.tasks.execution.CatchExceptionTaskExecuter.execute(CatchExceptionTaskExecuter.java:36)
	at org.gradle.api.internal.tasks.execution.EventFiringTaskExecuter$1.executeTask(EventFiringTaskExecuter.java:77)
	at org.gradle.api.internal.tasks.execution.EventFiringTaskExecuter$1.call(EventFiringTaskExecuter.java:55)
	at org.gradle.api.internal.tasks.execution.EventFiringTaskExecuter$1.call(EventFiringTaskExecuter.java:52)
	at org.gradle.internal.operations.DefaultBuildOperationRunner$CallableBuildOperationWorker.execute(DefaultBuildOperationRunner.java:209)
	at org.gradle.internal.operations.DefaultBuildOperationRunner$CallableBuildOperationWorker.execute(DefaultBuildOperationRunner.java:204)
	at org.gradle.internal.operations.DefaultBuildOperationRunner$2.execute(DefaultBuildOperationRunner.java:66)
	at org.gradle.internal.operations.DefaultBuildOperationRunner$2.execute(DefaultBuildOperationRunner.java:59)
	at org.gradle.internal.operations.DefaultBuildOperationRunner.execute(DefaultBuildOperationRunner.java:166)
	at org.gradle.internal.operations.DefaultBuildOperationRunner.execute(DefaultBuildOperationRunner.java:59)
	at org.gradle.internal.operations.DefaultBuildOperationRunner.call(DefaultBuildOperationRunner.java:53)
	at org.gradle.api.internal.tasks.execution.EventFiringTaskExecuter.execute(EventFiringTaskExecuter.java:52)
	at org.gradle.execution.plan.LocalTaskNodeExecutor.execute(LocalTaskNodeExecutor.java:42)
	at org.gradle.execution.taskgraph.DefaultTaskExecutionGraph$InvokeNodeExecutorsAction.execute(DefaultTaskExecutionGraph.java:331)
	at org.gradle.execution.taskgraph.DefaultTaskExecutionGraph$InvokeNodeExecutorsAction.execute(DefaultTaskExecutionGraph.java:318)
	at org.gradle.execution.taskgraph.DefaultTaskExecutionGraph$BuildOperationAwareExecutionAction.lambda$execute$0(DefaultTaskExecutionGraph.java:314)
	at org.gradle.internal.operations.CurrentBuildOperationRef.with(CurrentBuildOperationRef.java:85)
	at org.gradle.execution.taskgraph.DefaultTaskExecutionGraph$BuildOperationAwareExecutionAction.execute(DefaultTaskExecutionGraph.java:314)
	at org.gradle.execution.taskgraph.DefaultTaskExecutionGraph$BuildOperationAwareExecutionAction.execute(DefaultTaskExecutionGraph.java:303)
	at org.gradle.execution.plan.DefaultPlanExecutor$ExecutorWorker.execute(DefaultPlanExecutor.java:459)
	at org.gradle.execution.plan.DefaultPlanExecutor$ExecutorWorker.run(DefaultPlanExecutor.java:376)
	at org.gradle.internal.concurrent.ExecutorPolicy$CatchAndRecordFailures.onExecute(ExecutorPolicy.java:64)
	at org.gradle.internal.concurrent.AbstractManagedExecutor$1.run(AbstractManagedExecutor.java:48)
	at java.base/java.util.concurrent.ThreadPoolExecutor.runWorker(ThreadPoolExecutor.java:1144)
	at java.base/java.util.concurrent.ThreadPoolExecutor$Worker.run(ThreadPoolExecutor.java:642)
	at java.base/java.lang.Thread.run(Thread.java:1583)
  Caused by: com.android.ide.common.process.ProcessException: Error while executing process /opt/android-sdk/cmake/3.22.1/bin/cmake with arguments {-H/app/app/src/main/cpp -DCMAKE_SYSTEM_NAME=Android -DCMAKE_EXPORT_COMPILE_COMMANDS=ON -DCMAKE_SYSTEM_VERSION=28 -DANDROID_PLATFORM=android-28 -DANDROID_ABI=arm64-v8a -DCMAKE_ANDROID_ARCH_ABI=arm64-v8a -DANDROID_NDK=/opt/android-sdk/ndk/27.0.12077973 -DCMAKE_ANDROID_NDK=/opt/android-sdk/ndk/27.0.12077973 -DCMAKE_TOOLCHAIN_FILE=/opt/android-sdk/ndk/27.0.12077973/build/cmake/android.toolchain.cmake -DCMAKE_MAKE_PROGRAM=/opt/android-sdk/cmake/3.22.1/bin/ninja -DCMAKE_LIBRARY_OUTPUT_DIRECTORY=/app/app/build/intermediates/cxx/Debug/56c3h1b2/obj/arm64-v8a -DCMAKE_RUNTIME_OUTPUT_DIRECTORY=/app/app/build/intermediates/cxx/Debug/56c3h1b2/obj/arm64-v8a -DCMAKE_BUILD_TYPE=Debug -B/app/app/.cxx/Debug/56c3h1b2/arm64-v8a -GNinja}
	at com.android.build.gradle.internal.process.GradleProcessResult.buildProcessException(GradleProcessResult.java:73)
	at com.android.build.gradle.internal.process.GradleProcessResult.assertNormalExitValue(GradleProcessResult.java:48)
	at com.android.build.gradle.internal.cxx.process.ExecuteProcessKt.execute(ExecuteProcess.kt:277)
	... 139 more
  Caused by: org.gradle.process.internal.ExecException: Process 'command '/opt/android-sdk/cmake/3.22.1/bin/cmake'' finished with non-zero exit value 1
	at org.gradle.process.internal.DefaultExecHandle$ExecResultImpl.assertNormalExitValue(DefaultExecHandle.java:442)
	at com.android.build.gradle.internal.process.GradleProcessResult.assertNormalExitValue(GradleProcessResult.java:46)
	... 140 more


* Try:
> Run with --stacktrace option to get the stack trace.
> Run with --info or --debug option to get more log output.
> Run with --scan to get full insights.
> Get more help at https://help.gradle.org.

BUILD FAILED in 2m 15s
26 actionable tasks: 26 executed
